Arguments: 
  C:\Program Files\nodejs\node.exe C:\Users\samue\AppData\Roaming\npm\node_modules\yarn\bin\yarn.js add @govflanders/vl-ui-content-header

PATH: 
  C:\Program Files\Common Files\Oracle\Java\javapath;C:\Windows\system32;C:\Windows;C:\Windows\System32\Wbem;C:\Windows\System32\WindowsPowerShell\v1.0\;C:\Windows\System32\OpenSSH\;C:\Program Files\dotnet\;C:\WINDOWS\system32;C:\WINDOWS;C:\WINDOWS\System32\Wbem;C:\WINDOWS\System32\WindowsPowerShell\v1.0\;C:\WINDOWS\System32\OpenSSH\;C:\Program Files\Git\cmd;C:\Program Files\Docker\Docker\resources\bin;C:\Program Files (x86)\NVIDIA Corporation\PhysX\Common;C:\Users\samue\AppData\Local\Microsoft\WindowsApps;C:\Users\samue\AppData\Local\Programs\Microsoft VS Code\bin;C:\Users\samue\AppData\Local\Packages\PythonSoftwareFoundation.Python.3.10_qbz5n2kfra8p0\LocalCache\local-packages\Python310\Scripts;C:\Program Files\nodejs\;C:\Python27;C:\Users\samue\anaconda3\Library\bin;C:\Program Files\apache-maven-3.8.7\bin;C:\Program Files\Java\jdk-19\bin;C:\Users\samue\.cargo\bin;C:\Ruby31-x64\bin;C:\Users\samue\AppData\Local\Microsoft\WindowsApps;C:\Users\samue\AppData\Local\Programs\Microsoft VS Code\bin;C:\Users\samue\AppData\Roaming\npm;C:\Python27;C:\Users\samue\anaconda3\;C:\Program Files\apache-maven-3.8.7;C:\Program Files\Java\jdk-19;C:\Users\samue\AppData\Local\GitHubDesktop\bin

Yarn version: 
  1.22.19

Node version: 
  18.13.0

Platform: 
  win32 x64

Trace: 
  Error: https://registry.yarnpkg.com/@govflanders%2fvl-ui-content-header: Not found
      at params.callback [as _callback] (C:\Users\samue\AppData\Roaming\npm\node_modules\yarn\lib\cli.js:66145:18)
      at self.callback (C:\Users\samue\AppData\Roaming\npm\node_modules\yarn\lib\cli.js:140890:22)
      at Request.emit (node:events:513:28)
      at Request.<anonymous> (C:\Users\samue\AppData\Roaming\npm\node_modules\yarn\lib\cli.js:141862:10)
      at Request.emit (node:events:513:28)
      at IncomingMessage.<anonymous> (C:\Users\samue\AppData\Roaming\npm\node_modules\yarn\lib\cli.js:141784:12)
      at Object.onceWrapper (node:events:627:28)
      at IncomingMessage.emit (node:events:525:35)
      at endReadableNT (node:internal/streams/readable:1359:12)
      at process.processTicksAndRejections (node:internal/process/task_queues:82:21)

npm manifest: 
  No manifest

yarn manifest: 
  No manifest

Lockfile: 
  No lockfile
